<?xml version="1.0" encoding="UTF-8"?>
<coverage generated="1623064142881" clover="3.2.0">
  <project timestamp="1623064142881" name="All files">
    <metrics statements="17" coveredstatements="17" conditionals="19" coveredconditionals="17" methods="12" coveredmethods="12" elements="48" coveredelements="46" complexity="0" loc="17" ncloc="17" packages="1" files="1" classes="1"/>
    <file name="QueryDirectoryService.ts" path="C:\Users\Lunotte\Dev\React Native\react-native-http-request-handler\src\services\QueryDirectoryService.ts">
      <metrics statements="17" coveredstatements="17" conditionals="19" coveredconditionals="17" methods="12" coveredmethods="12"/>
      <line num="6" count="1" type="stmt"/>
      <line num="13" count="3" type="stmt"/>
      <line num="24" count="7" type="stmt"/>
      <line num="35" count="8" type="stmt"/>
      <line num="43" count="15" type="stmt"/>
      <line num="51" count="1" type="stmt"/>
      <line num="52" count="1" type="stmt"/>
      <line num="53" count="1" type="stmt"/>
      <line num="61" count="15" type="stmt"/>
      <line num="72" count="1" type="stmt"/>
      <line num="74" count="16" type="cond" truecount="8" falsecount="2"/>
      <line num="75" count="9" type="stmt"/>
      <line num="76" count="7" type="cond" truecount="4" falsecount="0"/>
      <line num="77" count="10" type="cond" truecount="2" falsecount="0"/>
      <line num="79" count="1" type="stmt"/>
      <line num="91" count="16" type="cond" truecount="3" falsecount="0"/>
      <line num="93" count="1" type="stmt"/>
    </file>
  </project>
</coverage>
