{"C:\\Users\\Lunotte\\Dev\\React Native\\react-native-http-request-handler\\src\\services\\QueryDirectoryService.ts": {"path":"C:\\Users\\Lunotte\\Dev\\React Native\\react-native-http-request-handler\\src\\services\\QueryDirectoryService.ts","statementMap":{"0":{"start":{"line":6,"column":59},"end":{"line":6,"column":61}},"1":{"start":{"line":13,"column":8},"end":{"line":13,"column":41}},"2":{"start":{"line":24,"column":8},"end":{"line":24,"column":112}},"3":{"start":{"line":24,"column":56},"end":{"line":24,"column":110}},"4":{"start":{"line":35,"column":8},"end":{"line":35,"column":114}},"5":{"start":{"line":35,"column":58},"end":{"line":35,"column":112}},"6":{"start":{"line":43,"column":8},"end":{"line":43,"column":50}},"7":{"start":{"line":51,"column":8},"end":{"line":52,"column":126}},"8":{"start":{"line":52,"column":12},"end":{"line":52,"column":124}},"9":{"start":{"line":53,"column":8},"end":{"line":53,"column":47}},"10":{"start":{"line":61,"column":8},"end":{"line":61,"column":38}},"11":{"start":{"line":72,"column":22},"end":{"line":81,"column":1}},"12":{"start":{"line":74,"column":4},"end":{"line":80,"column":5}},"13":{"start":{"line":75,"column":8},"end":{"line":75,"column":20}},"14":{"start":{"line":76,"column":11},"end":{"line":80,"column":5}},"15":{"start":{"line":77,"column":8},"end":{"line":77,"column":110}},"16":{"start":{"line":77,"column":84},"end":{"line":77,"column":108}},"17":{"start":{"line":79,"column":8},"end":{"line":79,"column":21}},"18":{"start":{"line":91,"column":34},"end":{"line":91,"column":162}},"19":{"start":{"line":91,"column":76},"end":{"line":91,"column":162}},"20":{"start":{"line":93,"column":30},"end":{"line":93,"column":57}}},"fnMap":{"0":{"name":"(anonymous_0)","decl":{"start":{"line":12,"column":4},"end":{"line":12,"column":5}},"loc":{"start":{"line":12,"column":55},"end":{"line":14,"column":5}},"line":12},"1":{"name":"(anonymous_1)","decl":{"start":{"line":23,"column":4},"end":{"line":23,"column":5}},"loc":{"start":{"line":23,"column":119},"end":{"line":25,"column":5}},"line":23},"2":{"name":"(anonymous_2)","decl":{"start":{"line":24,"column":46},"end":{"line":24,"column":47}},"loc":{"start":{"line":24,"column":56},"end":{"line":24,"column":110}},"line":24},"3":{"name":"(anonymous_3)","decl":{"start":{"line":34,"column":4},"end":{"line":34,"column":5}},"loc":{"start":{"line":34,"column":106},"end":{"line":36,"column":5}},"line":34},"4":{"name":"(anonymous_4)","decl":{"start":{"line":35,"column":46},"end":{"line":35,"column":47}},"loc":{"start":{"line":35,"column":58},"end":{"line":35,"column":112}},"line":35},"5":{"name":"(anonymous_5)","decl":{"start":{"line":42,"column":4},"end":{"line":42,"column":5}},"loc":{"start":{"line":42,"column":67},"end":{"line":44,"column":5}},"line":42},"6":{"name":"(anonymous_6)","decl":{"start":{"line":50,"column":4},"end":{"line":50,"column":5}},"loc":{"start":{"line":50,"column":71},"end":{"line":55,"column":5}},"line":50},"7":{"name":"(anonymous_7)","decl":{"start":{"line":51,"column":69},"end":{"line":51,"column":70}},"loc":{"start":{"line":52,"column":12},"end":{"line":52,"column":124}},"line":52},"8":{"name":"(anonymous_8)","decl":{"start":{"line":60,"column":4},"end":{"line":60,"column":5}},"loc":{"start":{"line":60,"column":36},"end":{"line":62,"column":5}},"line":60},"9":{"name":"(anonymous_9)","decl":{"start":{"line":72,"column":22},"end":{"line":72,"column":23}},"loc":{"start":{"line":73,"column":0},"end":{"line":81,"column":1}},"line":73},"10":{"name":"(anonymous_10)","decl":{"start":{"line":77,"column":66},"end":{"line":77,"column":67}},"loc":{"start":{"line":77,"column":84},"end":{"line":77,"column":108}},"line":77},"11":{"name":"(anonymous_11)","decl":{"start":{"line":91,"column":34},"end":{"line":91,"column":35}},"loc":{"start":{"line":91,"column":76},"end":{"line":91,"column":162}},"line":91}},"branchMap":{"0":{"loc":{"start":{"line":74,"column":4},"end":{"line":80,"column":5}},"type":"if","locations":[{"start":{"line":74,"column":4},"end":{"line":80,"column":5}},{"start":{"line":74,"column":4},"end":{"line":80,"column":5}}],"line":74},"1":{"loc":{"start":{"line":74,"column":8},"end":{"line":74,"column":172}},"type":"binary-expr","locations":[{"start":{"line":74,"column":9},"end":{"line":74,"column":24}},{"start":{"line":74,"column":28},"end":{"line":74,"column":43}},{"start":{"line":74,"column":49},"end":{"line":74,"column":64}},{"start":{"line":74,"column":68},"end":{"line":74,"column":83}},{"start":{"line":74,"column":87},"end":{"line":74,"column":107}},{"start":{"line":74,"column":113},"end":{"line":74,"column":128}},{"start":{"line":74,"column":132},"end":{"line":74,"column":147}},{"start":{"line":74,"column":151},"end":{"line":74,"column":171}}],"line":74},"2":{"loc":{"start":{"line":76,"column":11},"end":{"line":80,"column":5}},"type":"if","locations":[{"start":{"line":76,"column":11},"end":{"line":80,"column":5}},{"start":{"line":76,"column":11},"end":{"line":80,"column":5}}],"line":76},"3":{"loc":{"start":{"line":76,"column":16},"end":{"line":76,"column":50}},"type":"binary-expr","locations":[{"start":{"line":76,"column":16},"end":{"line":76,"column":31}},{"start":{"line":76,"column":35},"end":{"line":76,"column":50}}],"line":76},"4":{"loc":{"start":{"line":77,"column":15},"end":{"line":77,"column":109}},"type":"binary-expr","locations":[{"start":{"line":77,"column":15},"end":{"line":77,"column":48}},{"start":{"line":77,"column":52},"end":{"line":77,"column":109}}],"line":77},"5":{"loc":{"start":{"line":91,"column":76},"end":{"line":91,"column":162}},"type":"binary-expr","locations":[{"start":{"line":91,"column":76},"end":{"line":91,"column":94}},{"start":{"line":91,"column":98},"end":{"line":91,"column":122}},{"start":{"line":91,"column":126},"end":{"line":91,"column":162}}],"line":91}},"s":{"0":1,"1":3,"2":7,"3":7,"4":8,"5":8,"6":15,"7":1,"8":1,"9":1,"10":15,"11":1,"12":16,"13":9,"14":7,"15":6,"16":10,"17":1,"18":1,"19":16,"20":1},"f":{"0":3,"1":7,"2":7,"3":8,"4":8,"5":15,"6":1,"7":1,"8":15,"9":16,"10":10,"11":16},"b":{"0":[9,7],"1":[16,7,9,0,0,9,3,3],"2":[6,1],"3":[7,7],"4":[6,6],"5":[16,16,16]},"_coverageSchema":"1a1c01bbd47fc00a2c39e90264f33305004495a9","hash":"8b7ad8fc46f021d120fd70088ff20e8563afc7ed"}
}
