TN:
SF:src\services\QueryDirectoryService.ts
FN:12,(anonymous_0)
FN:23,(anonymous_1)
FN:24,(anonymous_2)
FN:34,(anonymous_3)
FN:35,(anonymous_4)
FN:42,(anonymous_5)
FN:50,(anonymous_6)
FN:51,(anonymous_7)
FN:60,(anonymous_8)
FN:72,(anonymous_9)
FN:77,(anonymous_10)
FN:91,(anonymous_11)
FNF:12
FNH:12
FNDA:3,(anonymous_0)
FNDA:7,(anonymous_1)
FNDA:7,(anonymous_2)
FNDA:8,(anonymous_3)
FNDA:8,(anonymous_4)
FNDA:15,(anonymous_5)
FNDA:1,(anonymous_6)
FNDA:1,(anonymous_7)
FNDA:15,(anonymous_8)
FNDA:16,(anonymous_9)
FNDA:10,(anonymous_10)
FNDA:16,(anonymous_11)
DA:6,1
DA:13,3
DA:24,7
DA:35,8
DA:43,15
DA:51,1
DA:52,1
DA:53,1
DA:61,15
DA:72,1
DA:74,16
DA:75,9
DA:76,7
DA:77,10
DA:79,1
DA:91,16
DA:93,1
LF:17
LH:17
BRDA:74,0,0,9
BRDA:74,0,1,7
BRDA:74,1,0,16
BRDA:74,1,1,7
BRDA:74,1,2,9
BRDA:74,1,3,0
BRDA:74,1,4,0
BRDA:74,1,5,9
BRDA:74,1,6,3
BRDA:74,1,7,3
BRDA:76,2,0,6
BRDA:76,2,1,1
BRDA:76,3,0,7
BRDA:76,3,1,7
BRDA:77,4,0,6
BRDA:77,4,1,6
BRDA:91,5,0,16
BRDA:91,5,1,16
BRDA:91,5,2,16
BRF:19
BRH:17
end_of_record
